{
	"version": "1.0.0",
	"log_file": "https://raw.githubusercontent.com/darkgirl/development/master/Taobao/UploadTool/update.log",
	"file_list" :[
		{
			"url": "https://raw.githubusercontent.com/darkgirl/development/master/UpdateTool/UpdateTool.exe",
			"path": "./UploadTool.exe",
			"archive": false,
			"hash": "8fdefbbe6ac7626c95e9b2b83b2f8be7",
			"size": 69120
		},
		{

			"url": "https://raw.githubusercontent.com/darkgirl/development/master/Taobao/UploadTool/TaobaoUploadTool.exe",
			"archive": true,
			"path": "./TaobaoUploadTool.exe", 
			"hash": "f8f7019b9e475518cbdc9b19e7aa62c2",
			"size": 1431552
		}
	],
	"change_log": [
	"2019-04-22",
	"测试 上传功能",
	"",
	""
	]
}